[debug] [2025-04-18T14:12:57.998Z] ----------------------------------------------------------------------
[debug] [2025-04-18T14:12:58.002Z] Command:       /nix/store/ixbb20farqh1f4fqbmsn6b1ixn8mc8ij-nodejs-20.18.1/bin/node /nix/store/b9a1wqzb1vkh5xd2mrp196csvbgv8j13-firebase-tools-14.0.1/lib/node_modules/firebase-tools/lib/bin/firebase.js deploy --only hosting
[debug] [2025-04-18T14:12:58.004Z] CLI Version:   14.0.1
[debug] [2025-04-18T14:12:58.004Z] Platform:      linux
[debug] [2025-04-18T14:12:58.004Z] Node Version:  v20.18.1
[debug] [2025-04-18T14:12:58.004Z] Time:          Fri Apr 18 2025 14:12:58 GMT+0000 (Coordinated Universal Time)
[debug] [2025-04-18T14:12:58.004Z] ----------------------------------------------------------------------
[debug] 
[debug] [2025-04-18T14:12:58.683Z] > command requires scopes: ["email","openid","https://www.googleapis.com/auth/cloudplatformprojects.readonly","https://www.googleapis.com/auth/firebase","https://www.googleapis.com/auth/cloud-platform"]
[debug] [2025-04-18T14:12:58.684Z] > authorizing via signed-in user (luisnguyen2k9@gmail.com)
[debug] [2025-04-18T14:12:58.684Z] [iam] checking project causal-analyst-446604-p2 for permissions ["firebase.projects.get","firebasehosting.sites.update"]
[debug] [2025-04-18T14:12:58.687Z] Checked if tokens are valid: true, expires at: 1744988744368
[debug] [2025-04-18T14:12:58.687Z] Checked if tokens are valid: true, expires at: 1744988744368
[debug] [2025-04-18T14:12:58.689Z] >>> [apiv2][query] POST https://cloudresourcemanager.googleapis.com/v1/projects/causal-analyst-446604-p2:testIamPermissions [none]
[debug] [2025-04-18T14:12:58.690Z] >>> [apiv2][(partial)header] POST https://cloudresourcemanager.googleapis.com/v1/projects/causal-analyst-446604-p2:testIamPermissions x-goog-quota-user=projects/causal-analyst-446604-p2
[debug] [2025-04-18T14:12:58.690Z] >>> [apiv2][body] POST https://cloudresourcemanager.googleapis.com/v1/projects/causal-analyst-446604-p2:testIamPermissions {"permissions":["firebase.projects.get","firebasehosting.sites.update"]}
[debug] [2025-04-18T14:12:59.728Z] <<< [apiv2][status] POST https://cloudresourcemanager.googleapis.com/v1/projects/causal-analyst-446604-p2:testIamPermissions 200
[debug] [2025-04-18T14:12:59.733Z] <<< [apiv2][body] POST https://cloudresourcemanager.googleapis.com/v1/projects/causal-analyst-446604-p2:testIamPermissions {"permissions":["firebase.projects.get","firebasehosting.sites.update"]}
[debug] [2025-04-18T14:12:59.747Z] Checked if tokens are valid: true, expires at: 1744988744368
[debug] [2025-04-18T14:12:59.747Z] Checked if tokens are valid: true, expires at: 1744988744368
[debug] [2025-04-18T14:12:59.748Z] >>> [apiv2][query] GET https://firebase.googleapis.com/v1beta1/projects/causal-analyst-446604-p2 [none]
[debug] [2025-04-18T14:13:00.065Z] <<< [apiv2][status] GET https://firebase.googleapis.com/v1beta1/projects/causal-analyst-446604-p2 200
[debug] [2025-04-18T14:13:00.067Z] <<< [apiv2][body] GET https://firebase.googleapis.com/v1beta1/projects/causal-analyst-446604-p2 {"projectId":"causal-analyst-446604-p2","projectNumber":"289955916239","displayName":"My First Project","name":"projects/causal-analyst-446604-p2","resources":{"hostingSite":"causal-analyst-446604-p2"},"state":"ACTIVE","etag":"1_36dad781-7afc-4466-8f12-b7c04c062414"}
[info] 
   Thank you for trying our early preview of Next.js support on Firebase Hosting.
   During the preview, support is best-effort and breaking changes can be expected. Proceed with caution.
   The integration is known to work with Next.js version 12 - 15.0. You may encounter errors.

   Documentation: https://firebase.google.com/docs/hosting/frameworks/nextjs
   File a bug: https://github.com/firebase/firebase-tools/issues/new?template=bug_report.md
   Submit a feature request: https://github.com/firebase/firebase-tools/issues/new?template=feature_request.md

   We'd love to learn from you. Express your interest in helping us shape the future of Firebase Hosting: https://goo.gle/41enW5X

[debug] [2025-04-18T14:13:12.958Z] Checked if tokens are valid: true, expires at: 1744988744368
[debug] [2025-04-18T14:13:12.958Z] Checked if tokens are valid: true, expires at: 1744988744368
[debug] [2025-04-18T14:13:12.959Z] >>> [apiv2][query] GET https://firebasehosting.googleapis.com/v1beta1/projects/causal-analyst-446604-p2/sites/causal-analyst-446604-p2 [none]
[debug] [2025-04-18T14:13:13.456Z] <<< [apiv2][status] GET https://firebasehosting.googleapis.com/v1beta1/projects/causal-analyst-446604-p2/sites/causal-analyst-446604-p2 200
[debug] [2025-04-18T14:13:13.457Z] <<< [apiv2][body] GET https://firebasehosting.googleapis.com/v1beta1/projects/causal-analyst-446604-p2/sites/causal-analyst-446604-p2 {"name":"projects/causal-analyst-446604-p2/sites/causal-analyst-446604-p2","defaultUrl":"https://causal-analyst-446604-p2.web.app","type":"DEFAULT_SITE"}
[info]    ▲ Next.js 15.2.4

[info]    - Environments: .env.local


[info]    Creating an optimized production build ...

[info]  ✓ Compiled successfully

[info]    Skipping validation of types

[info]    Skipping linting

[info]    Collecting page data ...

[info]    Generating static pages (0/6) ...

[info] TypeError: e[o] is not a function
    at Object.t [as require] (.next/server/webpack-runtime.js:1:127)
    at JSON.parse (<anonymous>)
Error occurred prerendering page "/_not-found". Read more: https://nextjs.org/docs/messages/prerender-error
TypeError: e[o] is not a function
    at Object.t [as require] (/home/user/dev/.next/server/webpack-runtime.js:1:127)
    at require (/home/user/dev/node_modules/next/dist/compiled/next-server/app-page.runtime.prod.js:133:10079)
    at u (/home/user/dev/node_modules/next/dist/compiled/next-server/app-page.runtime.prod.js:92:646)
    at U (/home/user/dev/node_modules/next/dist/compiled/next-server/app-page.runtime.prod.js:92:10492)
    at W (/home/user/dev/node_modules/next/dist/compiled/next-server/app-page.runtime.prod.js:92:13199)
    at /home/user/dev/node_modules/next/dist/compiled/next-server/app-page.runtime.prod.js:92:15489
    at Z._fromJSON (/home/user/dev/node_modules/next/dist/compiled/next-server/app-page.runtime.prod.js:92:15523)
    at JSON.parse (<anonymous>)
    at L (/home/user/dev/node_modules/next/dist/compiled/next-server/app-page.runtime.prod.js:92:10216)
    at N (/home/user/dev/node_modules/next/dist/compiled/next-server/app-page.runtime.prod.js:92:9533)
Export encountered an error on /_not-found/page: /_not-found, exiting the build.

[info]  ⨯ Next.js build worker exited with code: 1 and signal: null

[debug] [2025-04-18T14:14:23.258Z] Error: ENOENT: no such file or directory, open '/home/user/dev/.next/export-marker.json'
[error] 
[error] Error: An unexpected error has occurred.
[debug] [2025-04-18T14:15:17.510Z] ----------------------------------------------------------------------
[debug] [2025-04-18T14:15:17.513Z] Command:       /nix/store/ixbb20farqh1f4fqbmsn6b1ixn8mc8ij-nodejs-20.18.1/bin/node /nix/store/b9a1wqzb1vkh5xd2mrp196csvbgv8j13-firebase-tools-14.0.1/lib/node_modules/firebase-tools/lib/bin/firebase.js deploy --only hosting
[debug] [2025-04-18T14:15:17.514Z] CLI Version:   14.0.1
[debug] [2025-04-18T14:15:17.515Z] Platform:      linux
[debug] [2025-04-18T14:15:17.515Z] Node Version:  v20.18.1
[debug] [2025-04-18T14:15:17.515Z] Time:          Fri Apr 18 2025 14:15:17 GMT+0000 (Coordinated Universal Time)
[debug] [2025-04-18T14:15:17.515Z] ----------------------------------------------------------------------
[debug] 
[debug] [2025-04-18T14:15:18.132Z] > command requires scopes: ["email","openid","https://www.googleapis.com/auth/cloudplatformprojects.readonly","https://www.googleapis.com/auth/firebase","https://www.googleapis.com/auth/cloud-platform"]
[debug] [2025-04-18T14:15:18.133Z] > authorizing via signed-in user (luisnguyen2k9@gmail.com)
[debug] [2025-04-18T14:15:18.134Z] [iam] checking project causal-analyst-446604-p2 for permissions ["firebase.projects.get","firebasehosting.sites.update"]
[debug] [2025-04-18T14:15:18.137Z] Checked if tokens are valid: true, expires at: 1744988744368
[debug] [2025-04-18T14:15:18.137Z] Checked if tokens are valid: true, expires at: 1744988744368
[debug] [2025-04-18T14:15:18.139Z] >>> [apiv2][query] POST https://cloudresourcemanager.googleapis.com/v1/projects/causal-analyst-446604-p2:testIamPermissions [none]
[debug] [2025-04-18T14:15:18.139Z] >>> [apiv2][(partial)header] POST https://cloudresourcemanager.googleapis.com/v1/projects/causal-analyst-446604-p2:testIamPermissions x-goog-quota-user=projects/causal-analyst-446604-p2
[debug] [2025-04-18T14:15:18.140Z] >>> [apiv2][body] POST https://cloudresourcemanager.googleapis.com/v1/projects/causal-analyst-446604-p2:testIamPermissions {"permissions":["firebase.projects.get","firebasehosting.sites.update"]}
[debug] [2025-04-18T14:15:19.139Z] <<< [apiv2][status] POST https://cloudresourcemanager.googleapis.com/v1/projects/causal-analyst-446604-p2:testIamPermissions 200
[debug] [2025-04-18T14:15:19.139Z] <<< [apiv2][body] POST https://cloudresourcemanager.googleapis.com/v1/projects/causal-analyst-446604-p2:testIamPermissions {"permissions":["firebase.projects.get","firebasehosting.sites.update"]}
[debug] [2025-04-18T14:15:19.142Z] Checked if tokens are valid: true, expires at: 1744988744368
[debug] [2025-04-18T14:15:19.143Z] Checked if tokens are valid: true, expires at: 1744988744368
[debug] [2025-04-18T14:15:19.144Z] >>> [apiv2][query] GET https://firebase.googleapis.com/v1beta1/projects/causal-analyst-446604-p2 [none]
[debug] [2025-04-18T14:15:19.458Z] <<< [apiv2][status] GET https://firebase.googleapis.com/v1beta1/projects/causal-analyst-446604-p2 200
[debug] [2025-04-18T14:15:19.460Z] <<< [apiv2][body] GET https://firebase.googleapis.com/v1beta1/projects/causal-analyst-446604-p2 {"projectId":"causal-analyst-446604-p2","projectNumber":"289955916239","displayName":"My First Project","name":"projects/causal-analyst-446604-p2","resources":{"hostingSite":"causal-analyst-446604-p2"},"state":"ACTIVE","etag":"1_36dad781-7afc-4466-8f12-b7c04c062414"}
[info] 
   Thank you for trying our early preview of Next.js support on Firebase Hosting.
   During the preview, support is best-effort and breaking changes can be expected. Proceed with caution.
   The integration is known to work with Next.js version 12 - 15.0. You may encounter errors.

   Documentation: https://firebase.google.com/docs/hosting/frameworks/nextjs
   File a bug: https://github.com/firebase/firebase-tools/issues/new?template=bug_report.md
   Submit a feature request: https://github.com/firebase/firebase-tools/issues/new?template=feature_request.md

   We'd love to learn from you. Express your interest in helping us shape the future of Firebase Hosting: https://goo.gle/41enW5X

[debug] [2025-04-18T14:15:36.083Z] Checked if tokens are valid: true, expires at: 1744988744368
[debug] [2025-04-18T14:15:36.083Z] Checked if tokens are valid: true, expires at: 1744988744368
[debug] [2025-04-18T14:15:36.084Z] >>> [apiv2][query] GET https://firebasehosting.googleapis.com/v1beta1/projects/causal-analyst-446604-p2/sites/causal-analyst-446604-p2 [none]
[debug] [2025-04-18T14:15:36.416Z] <<< [apiv2][status] GET https://firebasehosting.googleapis.com/v1beta1/projects/causal-analyst-446604-p2/sites/causal-analyst-446604-p2 200
[debug] [2025-04-18T14:15:36.420Z] <<< [apiv2][body] GET https://firebasehosting.googleapis.com/v1beta1/projects/causal-analyst-446604-p2/sites/causal-analyst-446604-p2 {"name":"projects/causal-analyst-446604-p2/sites/causal-analyst-446604-p2","defaultUrl":"https://causal-analyst-446604-p2.web.app","type":"DEFAULT_SITE"}
[info]    ▲ Next.js 15.2.4

[info]    - Environments: .env.local


[info]    Creating an optimized production build ...

[info]  ✓ Compiled successfully

[info]    Skipping validation of types
   Skipping linting

[info]    Collecting page data ...

[info]    Generating static pages (0/6) ...

[info]    Generating static pages (1/6) 

[info]    Generating static pages (2/6) 

[info] TypeError: e[o] is not a function
    at Object.t [as require] (.next/server/webpack-runtime.js:1:127)
    at JSON.parse (<anonymous>)
Error occurred prerendering page "/". Read more: https://nextjs.org/docs/messages/prerender-error
TypeError: e[o] is not a function
    at Object.t [as require] (/home/user/dev/.next/server/webpack-runtime.js:1:127)
    at require (/home/user/dev/node_modules/next/dist/compiled/next-server/app-page.runtime.prod.js:133:10079)
    at u (/home/user/dev/node_modules/next/dist/compiled/next-server/app-page.runtime.prod.js:92:646)
    at U (/home/user/dev/node_modules/next/dist/compiled/next-server/app-page.runtime.prod.js:92:10492)
    at W (/home/user/dev/node_modules/next/dist/compiled/next-server/app-page.runtime.prod.js:92:13199)
    at /home/user/dev/node_modules/next/dist/compiled/next-server/app-page.runtime.prod.js:92:15489
    at Z._fromJSON (/home/user/dev/node_modules/next/dist/compiled/next-server/app-page.runtime.prod.js:92:15523)
    at JSON.parse (<anonymous>)
    at L (/home/user/dev/node_modules/next/dist/compiled/next-server/app-page.runtime.prod.js:92:10216)
    at N (/home/user/dev/node_modules/next/dist/compiled/next-server/app-page.runtime.prod.js:92:9533)
Export encountered an error on /page: /, exiting the build.

[info]  ⨯ Next.js build worker exited with code: 1 and signal: null

[debug] [2025-04-18T14:16:19.714Z] Error: ENOENT: no such file or directory, open '/home/user/dev/.next/export-marker.json'
[error] 
[error] Error: An unexpected error has occurred.
[debug] [2025-04-18T14:16:32.154Z] ----------------------------------------------------------------------
[debug] [2025-04-18T14:16:32.158Z] Command:       /nix/store/ixbb20farqh1f4fqbmsn6b1ixn8mc8ij-nodejs-20.18.1/bin/node /nix/store/b9a1wqzb1vkh5xd2mrp196csvbgv8j13-firebase-tools-14.0.1/lib/node_modules/firebase-tools/lib/bin/firebase.js deploy --only hosting
[debug] [2025-04-18T14:16:32.158Z] CLI Version:   14.0.1
[debug] [2025-04-18T14:16:32.159Z] Platform:      linux
[debug] [2025-04-18T14:16:32.159Z] Node Version:  v20.18.1
[debug] [2025-04-18T14:16:32.159Z] Time:          Fri Apr 18 2025 14:16:32 GMT+0000 (Coordinated Universal Time)
[debug] [2025-04-18T14:16:32.160Z] ----------------------------------------------------------------------
[debug] 
[debug] [2025-04-18T14:16:32.816Z] > command requires scopes: ["email","openid","https://www.googleapis.com/auth/cloudplatformprojects.readonly","https://www.googleapis.com/auth/firebase","https://www.googleapis.com/auth/cloud-platform"]
[debug] [2025-04-18T14:16:32.817Z] > authorizing via signed-in user (luisnguyen2k9@gmail.com)
[debug] [2025-04-18T14:16:32.817Z] [iam] checking project causal-analyst-446604-p2 for permissions ["firebase.projects.get","firebasehosting.sites.update"]
[debug] [2025-04-18T14:16:32.819Z] Checked if tokens are valid: true, expires at: 1744988744368
[debug] [2025-04-18T14:16:32.820Z] Checked if tokens are valid: true, expires at: 1744988744368
[debug] [2025-04-18T14:16:32.822Z] >>> [apiv2][query] POST https://cloudresourcemanager.googleapis.com/v1/projects/causal-analyst-446604-p2:testIamPermissions [none]
[debug] [2025-04-18T14:16:32.822Z] >>> [apiv2][(partial)header] POST https://cloudresourcemanager.googleapis.com/v1/projects/causal-analyst-446604-p2:testIamPermissions x-goog-quota-user=projects/causal-analyst-446604-p2
[debug] [2025-04-18T14:16:32.822Z] >>> [apiv2][body] POST https://cloudresourcemanager.googleapis.com/v1/projects/causal-analyst-446604-p2:testIamPermissions {"permissions":["firebase.projects.get","firebasehosting.sites.update"]}
[debug] [2025-04-18T14:16:33.882Z] <<< [apiv2][status] POST https://cloudresourcemanager.googleapis.com/v1/projects/causal-analyst-446604-p2:testIamPermissions 200
[debug] [2025-04-18T14:16:33.890Z] <<< [apiv2][body] POST https://cloudresourcemanager.googleapis.com/v1/projects/causal-analyst-446604-p2:testIamPermissions {"permissions":["firebase.projects.get","firebasehosting.sites.update"]}
[debug] [2025-04-18T14:16:33.892Z] Checked if tokens are valid: true, expires at: 1744988744368
[debug] [2025-04-18T14:16:33.893Z] Checked if tokens are valid: true, expires at: 1744988744368
[debug] [2025-04-18T14:16:33.894Z] >>> [apiv2][query] GET https://firebase.googleapis.com/v1beta1/projects/causal-analyst-446604-p2 [none]
[debug] [2025-04-18T14:16:34.176Z] <<< [apiv2][status] GET https://firebase.googleapis.com/v1beta1/projects/causal-analyst-446604-p2 200
[debug] [2025-04-18T14:16:34.176Z] <<< [apiv2][body] GET https://firebase.googleapis.com/v1beta1/projects/causal-analyst-446604-p2 {"projectId":"causal-analyst-446604-p2","projectNumber":"289955916239","displayName":"My First Project","name":"projects/causal-analyst-446604-p2","resources":{"hostingSite":"causal-analyst-446604-p2"},"state":"ACTIVE","etag":"1_36dad781-7afc-4466-8f12-b7c04c062414"}
[info] 
   Thank you for trying our early preview of Next.js support on Firebase Hosting.
   During the preview, support is best-effort and breaking changes can be expected. Proceed with caution.
   The integration is known to work with Next.js version 12 - 15.0. You may encounter errors.

   Documentation: https://firebase.google.com/docs/hosting/frameworks/nextjs
   File a bug: https://github.com/firebase/firebase-tools/issues/new?template=bug_report.md
   Submit a feature request: https://github.com/firebase/firebase-tools/issues/new?template=feature_request.md

   We'd love to learn from you. Express your interest in helping us shape the future of Firebase Hosting: https://goo.gle/41enW5X

[debug] [2025-04-18T14:16:53.367Z] Checked if tokens are valid: true, expires at: 1744988744368
[debug] [2025-04-18T14:16:53.375Z] Checked if tokens are valid: true, expires at: 1744988744368
[debug] [2025-04-18T14:16:53.375Z] >>> [apiv2][query] GET https://firebasehosting.googleapis.com/v1beta1/projects/causal-analyst-446604-p2/sites/causal-analyst-446604-p2 [none]
[debug] [2025-04-18T14:16:53.718Z] <<< [apiv2][status] GET https://firebasehosting.googleapis.com/v1beta1/projects/causal-analyst-446604-p2/sites/causal-analyst-446604-p2 200
[debug] [2025-04-18T14:16:53.722Z] <<< [apiv2][body] GET https://firebasehosting.googleapis.com/v1beta1/projects/causal-analyst-446604-p2/sites/causal-analyst-446604-p2 {"name":"projects/causal-analyst-446604-p2/sites/causal-analyst-446604-p2","defaultUrl":"https://causal-analyst-446604-p2.web.app","type":"DEFAULT_SITE"}
[info]    ▲ Next.js 15.2.4

[info]    - Environments: .env.local


[info]    Creating an optimized production build ...

[info]  ✓ Compiled successfully

[info]    Skipping validation of types
   Skipping linting

[info]    Collecting page data ...

[info]    Generating static pages (0/6) ...

[info]    Generating static pages (1/6) 
   Generating static pages (2/6) 

[info] TypeError: e[o] is not a function
    at Object.t [as require] (.next/server/webpack-runtime.js:1:127)
    at JSON.parse (<anonymous>)
Error occurred prerendering page "/". Read more: https://nextjs.org/docs/messages/prerender-error
TypeError: e[o] is not a function
    at Object.t [as require] (/home/user/dev/.next/server/webpack-runtime.js:1:127)
    at require (/home/user/dev/node_modules/next/dist/compiled/next-server/app-page.runtime.prod.js:133:10079)
    at u (/home/user/dev/node_modules/next/dist/compiled/next-server/app-page.runtime.prod.js:92:646)
    at U (/home/user/dev/node_modules/next/dist/compiled/next-server/app-page.runtime.prod.js:92:10492)
    at W (/home/user/dev/node_modules/next/dist/compiled/next-server/app-page.runtime.prod.js:92:13199)
    at /home/user/dev/node_modules/next/dist/compiled/next-server/app-page.runtime.prod.js:92:15489
    at Z._fromJSON (/home/user/dev/node_modules/next/dist/compiled/next-server/app-page.runtime.prod.js:92:15523)
    at JSON.parse (<anonymous>)
    at L (/home/user/dev/node_modules/next/dist/compiled/next-server/app-page.runtime.prod.js:92:10216)
    at N (/home/user/dev/node_modules/next/dist/compiled/next-server/app-page.runtime.prod.js:92:9533)
Export encountered an error on /page: /, exiting the build.

[info]  ⨯ Next.js build worker exited with code: 1 and signal: null

[debug] [2025-04-18T14:17:42.011Z] Error: ENOENT: no such file or directory, open '/home/user/dev/.next/export-marker.json'
[error] 
[error] Error: An unexpected error has occurred.
